<?xml version="1.0" encoding="UTF-8"?>
<!-- Generated by org.testng.reporters.JUnitReportReporter -->
<testsuite hostname="Acer_qa_aspire" failures="0" tests="2" name="TestRunner.Runner" time="0.142" errors="0" timestamp="2024-01-08T12:22:56 IST" skipped="0">
  <testcase classname="TestRunner.Runner" name="runScenario" time="0.123"/>
  <testcase classname="TestRunner.Runner" name="runScenario" time="0.019"/>
</testsuite> <!-- TestRunner.Runner -->
