<?xml version="1.0" encoding="UTF-8"?>
<!-- Generated by org.testng.reporters.JUnitReportReporter -->
<testsuite hostname="Acer_qa_aspire" failures="0" tests="1" name="TestRunner.CucumberTestRunner" time="9.460" errors="0" timestamp="2024-01-07T21:38:36 IST" skipped="0">
  <testcase classname="TestRunner.CucumberTestRunner" name="runScenario" time="9.460"/>
</testsuite> <!-- TestRunner.CucumberTestRunner -->
